DEB [20161029-11:39:59.030] thr=1   paramiko.transport: starting thread (client mode): 0x304a4e0
DEB [20161029-11:39:59.031] thr=1   paramiko.transport: Local version/idstring: SSH-2.0-paramiko_2.0.2
DEB [20161029-11:39:59.049] thr=1   paramiko.transport: Remote version/idstring: SSH-2.0-OpenSSH_5.3
INF [20161029-11:39:59.049] thr=1   paramiko.transport: Connected (version 2.0, client OpenSSH_5.3)
DEB [20161029-11:39:59.052] thr=1   paramiko.transport: kex algos:['diffie-hellman-group-exchange-sha256', 'diffie-hellman-group-exchange-sha1', 'diffie-hellman-group14-sha1', 'diffie-hellman-group1-sha1'] server key:['ssh-rsa', 'ssh-dss'] client encrypt:['aes128-ctr', 'aes192-ctr', 'aes256-ctr', 'arcfour256', 'arcfour128', 'aes128-cbc', '3des-cbc', 'blowfish-cbc', 'cast128-cbc', 'aes192-cbc', 'aes256-cbc', 'arcfour', 'rijndael-cbc@lysator.liu.se'] server encrypt:['aes128-ctr', 'aes192-ctr', 'aes256-ctr', 'arcfour256', 'arcfour128', 'aes128-cbc', '3des-cbc', 'blowfish-cbc', 'cast128-cbc', 'aes192-cbc', 'aes256-cbc', 'arcfour', 'rijndael-cbc@lysator.liu.se'] client mac:['hmac-md5', 'hmac-sha1', 'umac-64@openssh.com', 'hmac-sha2-256', 'hmac-sha2-512', 'hmac-ripemd160', 'hmac-ripemd160@openssh.com', 'hmac-sha1-96', 'hmac-md5-96'] server mac:['hmac-md5', 'hmac-sha1', 'umac-64@openssh.com', 'hmac-sha2-256', 'hmac-sha2-512', 'hmac-ripemd160', 'hmac-ripemd160@openssh.com', 'hmac-sha1-96', 'hmac-md5-96'] client compress:['none', 'zlib@openssh.com'] server compress:['none', 'zlib@openssh.com'] client lang:[''] server lang:[''] kex follows?False
DEB [20161029-11:39:59.052] thr=1   paramiko.transport: Kex agreed: diffie-hellman-group1-sha1
DEB [20161029-11:39:59.052] thr=1   paramiko.transport: Cipher agreed: aes128-ctr
DEB [20161029-11:39:59.052] thr=1   paramiko.transport: MAC agreed: hmac-sha2-256
DEB [20161029-11:39:59.052] thr=1   paramiko.transport: Compression agreed: none
DEB [20161029-11:39:59.127] thr=1   paramiko.transport: kex engine KexGroup1 specified hash_algo <built-in function openssl_sha1>
DEB [20161029-11:39:59.127] thr=1   paramiko.transport: Switch to new keys ...
DEB [20161029-11:40:05.246] thr=1   paramiko.transport: userauth is OK
INF [20161029-11:40:05.381] thr=1   paramiko.transport: Authentication (password) successful!
DEB [20161029-11:40:05.382] thr=2   paramiko.transport: [chan 0] Max packet in: 32768 bytes
DEB [20161029-11:40:05.505] thr=1   paramiko.transport: [chan 0] Max packet out: 32768 bytes
DEB [20161029-11:40:05.505] thr=1   paramiko.transport: Secsh channel 0 opened.
DEB [20161029-11:40:05.508] thr=1   paramiko.transport: [chan 0] Sesch channel 0 request ok
DEB [20161029-11:40:05.510] thr=1   paramiko.transport: [chan 0] Sesch channel 0 request ok
DEB [20200921-16:31:40.385] thr=1   paramiko.transport: starting thread (client mode): 0x3628080
DEB [20200921-16:31:40.385] thr=1   paramiko.transport: Local version/idstring: SSH-2.0-paramiko_2.7.2
DEB [20200921-16:31:40.394] thr=1   paramiko.transport: Remote version/idstring: SSH-2.0-OpenSSH_7.4
INF [20200921-16:31:40.395] thr=1   paramiko.transport: Connected (version 2.0, client OpenSSH_7.4)
DEB [20200921-16:31:40.396] thr=1   paramiko.transport: kex algos:['curve25519-sha256', 'curve25519-sha256@libssh.org', 'ecdh-sha2-nistp256', 'ecdh-sha2-nistp384', 'ecdh-sha2-nistp521', 'diffie-hellman-group-exchange-sha256', 'diffie-hellman-group16-sha512', 'diffie-hellman-group18-sha512', 'diffie-hellman-group-exchange-sha1', 'diffie-hellman-group14-sha256', 'diffie-hellman-group14-sha1', 'diffie-hellman-group1-sha1'] server key:['ssh-rsa', 'rsa-sha2-512', 'rsa-sha2-256', 'ecdsa-sha2-nistp256', 'ssh-ed25519'] client encrypt:['chacha20-poly1305@openssh.com', 'aes128-ctr', 'aes192-ctr', 'aes256-ctr', 'aes128-gcm@openssh.com', 'aes256-gcm@openssh.com', 'aes128-cbc', 'aes192-cbc', 'aes256-cbc', 'blowfish-cbc', 'cast128-cbc', '3des-cbc'] server encrypt:['chacha20-poly1305@openssh.com', 'aes128-ctr', 'aes192-ctr', 'aes256-ctr', 'aes128-gcm@openssh.com', 'aes256-gcm@openssh.com', 'aes128-cbc', 'aes192-cbc', 'aes256-cbc', 'blowfish-cbc', 'cast128-cbc', '3des-cbc'] client mac:['umac-64-etm@openssh.com', 'umac-128-etm@openssh.com', 'hmac-sha2-256-etm@openssh.com', 'hmac-sha2-512-etm@openssh.com', 'hmac-sha1-etm@openssh.com', 'umac-64@openssh.com', 'umac-128@openssh.com', 'hmac-sha2-256', 'hmac-sha2-512', 'hmac-sha1'] server mac:['umac-64-etm@openssh.com', 'umac-128-etm@openssh.com', 'hmac-sha2-256-etm@openssh.com', 'hmac-sha2-512-etm@openssh.com', 'hmac-sha1-etm@openssh.com', 'umac-64@openssh.com', 'umac-128@openssh.com', 'hmac-sha2-256', 'hmac-sha2-512', 'hmac-sha1'] client compress:['none', 'zlib@openssh.com'] server compress:['none', 'zlib@openssh.com'] client lang:[''] server lang:[''] kex follows?False
DEB [20200921-16:31:40.396] thr=1   paramiko.transport: Kex agreed: curve25519-sha256@libssh.org
DEB [20200921-16:31:40.396] thr=1   paramiko.transport: HostKey agreed: ssh-ed25519
DEB [20200921-16:31:40.396] thr=1   paramiko.transport: Cipher agreed: aes128-ctr
DEB [20200921-16:31:40.396] thr=1   paramiko.transport: MAC agreed: hmac-sha2-256
DEB [20200921-16:31:40.396] thr=1   paramiko.transport: Compression agreed: none
DEB [20200921-16:31:40.404] thr=1   paramiko.transport: kex engine KexCurve25519 specified hash_algo <built-in function openssl_sha256>
DEB [20200921-16:31:40.405] thr=1   paramiko.transport: Switch to new keys ...
DEB [20200921-16:33:40.394] thr=1   paramiko.transport: EOF in transport thread
